2025-08-24 01:17:14,526 - config.settings - ERROR - Errore nel caricamento video inviati: Expecting value: line 1 column 1 (char 0)
2025-08-24 01:17:14,526 - config.settings - INFO - Ricerca YouTube per: 'intelligenza artificiale'
2025-08-24 01:17:15,956 - config.settings - INFO - Trovati 30 risultati per 'intelligenza artificiale'
2025-08-24 01:17:15,956 - config.settings - INFO - Trovati 0 video rilevanti per 'intelligenza artificiale'
2025-08-24 01:17:46,133 - config.settings - INFO - Caricati 0 video già inviati
2025-08-24 01:17:46,133 - config.settings - INFO - Ricerca YouTube per: 'intelligenza artificiale'
2025-08-24 01:17:47,276 - config.settings - INFO - Trovati 29 risultati per 'intelligenza artificiale'
2025-08-24 01:17:47,277 - config.settings - INFO - Trovati 6 video rilevanti per 'intelligenza artificiale'
2025-08-24 01:20:31,509 - config.settings - INFO - Caricati 0 video già inviati
2025-08-24 01:20:31,509 - config.settings - INFO - Ricerca YouTube per: 'AI tools'
2025-08-24 01:20:32,365 - config.settings - INFO - Trovati 20 risultati per 'AI tools'
2025-08-24 01:20:32,365 - config.settings - INFO - Trovati 6 video rilevanti per 'AI tools'
2025-08-24 01:20:32,366 - config.settings - INFO - Caricati 0 video già inviati
2025-08-24 01:20:32,366 - config.settings - INFO - Esecuzione ricerca immediata...
2025-08-24 01:20:32,368 - config.settings - INFO - Ricerca saltata: ore di silenzio attive
2025-08-24 01:30:06,914 - config.settings - INFO - Caricati 0 video già inviati
2025-08-24 01:30:06,914 - config.settings - INFO - Ricerca YouTube per: 'intelligenza artificiale' (lingua: it, regione: IT)
2025-08-24 01:30:07,935 - config.settings - INFO - Trovati 31 risultati per 'intelligenza artificiale' (it/IT)
2025-08-24 01:30:07,935 - config.settings - INFO - Trovati 4 video rilevanti per 'intelligenza artificiale' (it/IT)
2025-08-24 01:30:07,936 - config.settings - INFO - Ricerca YouTube per: 'AI tools' (lingua: en, regione: US)
2025-08-24 01:30:09,109 - config.settings - INFO - Trovati 20 risultati per 'AI tools' (en/US)
2025-08-24 01:30:09,109 - config.settings - INFO - Trovati 4 video rilevanti per 'AI tools' (en/US)
2025-08-24 01:30:09,110 - config.settings - INFO - Caricati 0 video già inviati
2025-08-24 01:30:09,110 - config.settings - INFO - Esecuzione ricerca immediata...
2025-08-24 01:30:09,111 - config.settings - INFO - Ricerca saltata: ore di silenzio attive
2025-08-24 01:40:23,413 - config.settings - INFO - File utenti non trovato, inizializzazione vuota
2025-08-24 01:40:23,413 - config.settings - INFO - Nuovo utente registrato: 12345 (@testuser)
2025-08-24 01:40:23,413 - config.settings - INFO - Utente rimosso: 12345 (@testuser)
2025-08-24 02:01:10,549 - config.settings - INFO - Caricati 0 video già inviati
2025-08-24 02:01:10,549 - config.settings - INFO - Ricerca YouTube per: 'intelligenza artificiale' (lingua: it, regione: IT)
2025-08-24 02:01:11,515 - config.settings - INFO - Trovati 30 risultati per 'intelligenza artificiale' (it/IT)
2025-08-24 02:01:11,515 - config.settings - INFO - Trovati 4 video rilevanti per 'intelligenza artificiale' (it/IT)
2025-08-24 02:01:11,515 - config.settings - INFO - Ricerca YouTube per: 'AI tools' (lingua: en, regione: US)
2025-08-24 02:01:12,521 - config.settings - INFO - Trovati 20 risultati per 'AI tools' (en/US)
2025-08-24 02:01:12,521 - config.settings - INFO - Trovati 4 video rilevanti per 'AI tools' (en/US)
2025-08-24 02:01:12,521 - config.settings - INFO - Caricati 0 video già inviati
2025-08-24 02:01:12,522 - config.settings - INFO - Esecuzione ricerca immediata...
2025-08-24 02:01:12,523 - config.settings - INFO - Ricerca saltata: ore di silenzio attive
2025-08-24 02:01:19,925 - config.settings - INFO - Caricati 0 utenti registrati
2025-08-24 02:01:19,962 - config.settings - INFO - Avvio server Flask per keep-alive...
2025-08-24 02:01:19,963 - config.settings - INFO - Inizializzazione Bot YouTube AI Monitor...
2025-08-24 02:01:19,971 - werkzeug - INFO - [31m[1mWARNING: This is a development server. Do not use it in a production deployment. Use a production WSGI server instead.[0m
 * Running on all addresses (0.0.0.0)
 * Running on http://127.0.0.1:8080
 * Running on http://169.254.0.21:8080
2025-08-24 02:01:19,971 - werkzeug - INFO - [33mPress CTRL+C to quit[0m
2025-08-24 02:01:20,154 - werkzeug - INFO - 127.0.0.1 - - [24/Aug/2025 02:01:20] "[31m[1mPOST / HTTP/1.1[0m" 405 -
2025-08-24 02:01:23,301 - config.settings - INFO - Comandi del bot configurati
2025-08-24 02:01:23,302 - config.settings - INFO - Bot Telegram inizializzato con successo
2025-08-24 02:01:23,302 - config.settings - INFO - Caricati 0 video già inviati
2025-08-24 02:01:23,302 - config.settings - INFO - Inizializzazione completata con successo
2025-08-24 02:01:23,302 - config.settings - INFO - Avvio Bot YouTube AI Monitor...
2025-08-24 02:01:23,302 - config.settings - INFO - Avvio del bot Telegram...
2025-08-24 02:01:23,394 - apscheduler.scheduler - INFO - Scheduler started
2025-08-24 02:01:23,484 - config.settings - INFO - Bot Telegram avviato e in ascolto
2025-08-24 02:01:23,484 - apscheduler.scheduler - INFO - Adding job tentatively -- it will be properly scheduled when the scheduler starts
2025-08-24 02:01:23,484 - apscheduler.scheduler - INFO - Adding job tentatively -- it will be properly scheduled when the scheduler starts
2025-08-24 02:01:23,485 - apscheduler.scheduler - INFO - Added job "Ricerca YouTube AI" to job store "default"
2025-08-24 02:01:23,485 - apscheduler.scheduler - INFO - Added job "Cleanup giornaliero" to job store "default"
2025-08-24 02:01:23,485 - apscheduler.scheduler - INFO - Scheduler started
2025-08-24 02:01:23,485 - config.settings - INFO - Scheduler avviato - ricerca ogni 30 minuti
2025-08-24 02:01:23,606 - config.settings - WARNING - Errore invio notifica a 7101469364: Chat not found
2025-08-24 02:01:23,606 - config.settings - INFO - Notifica inviata: 0 successi, 1 fallimenti
2025-08-24 02:01:23,606 - config.settings - INFO - 🚀 Bot YouTube AI Monitor avviato con successo!
2025-08-24 02:01:26,154 - werkzeug - INFO - 127.0.0.1 - - [24/Aug/2025 02:01:26] "[31m[1mPOST / HTTP/1.1[0m" 405 -
2025-08-24 02:01:28,727 - config.settings - INFO - Ricevuto segnale 15, arresto in corso...
2025-08-24 02:01:33,740 - config.settings - INFO - Arresto Bot YouTube AI Monitor...
2025-08-24 02:01:34,021 - config.settings - WARNING - Errore invio notifica a 7101469364: Chat not found
2025-08-24 02:01:34,021 - config.settings - INFO - Notifica inviata: 0 successi, 1 fallimenti
2025-08-24 02:01:34,021 - config.settings - INFO - Scheduler fermato
2025-08-24 02:01:34,021 - apscheduler.scheduler - INFO - Scheduler has been shut down
2025-08-24 02:01:36,154 - werkzeug - INFO - 127.0.0.1 - - [24/Aug/2025 02:01:36] "[31m[1mPOST / HTTP/1.1[0m" 405 -
2025-08-24 02:01:37,273 - apscheduler.scheduler - INFO - Scheduler has been shut down
2025-08-24 02:01:37,284 - config.settings - INFO - Bot Telegram fermato
2025-08-24 02:01:37,284 - config.settings - INFO - Bot YouTube AI Monitor arrestato
2025-08-24 02:01:46,154 - werkzeug - INFO - 127.0.0.1 - - [24/Aug/2025 02:01:46] "[31m[1mPOST / HTTP/1.1[0m" 405 -
2025-08-24 02:01:53,623 - config.settings - INFO - Esecuzione ricerca immediata...
2025-08-24 02:01:53,625 - config.settings - INFO - Ricerca saltata: ore di silenzio attive
2025-08-24 02:01:53,625 - config.settings - INFO - 🚀 Bot e server Flask avviati con successo!
2025-08-24 02:01:53,625 - config.settings - INFO - 🌐 Server accessibile su porta 8080
